d:\stepncmaster\stepncmaster\debug\vc120.pdb
d:\stepncmaster\stepncmaster\debug\workstepplan.obj
d:\stepncmaster\stepncmaster\debug\treemodelmanager.obj
d:\stepncmaster\stepncmaster\debug\steptostl.obj
d:\stepncmaster\stepncmaster\debug\stepncmaster.obj
d:\stepncmaster\stepncmaster\debug\processplanning.obj
d:\stepncmaster\stepncmaster\debug\myglwidget.obj
d:\stepncmaster\stepncmaster\debug\main.obj
d:\stepncmaster\stepncmaster\debug\moc_workstepplan.obj
d:\stepncmaster\stepncmaster\debug\moc_treemodelmanager.obj
d:\stepncmaster\stepncmaster\debug\moc_steptostl.obj
d:\stepncmaster\stepncmaster\debug\moc_stepncmaster.obj
d:\stepncmaster\stepncmaster\debug\moc_processplanning.obj
d:\stepncmaster\stepncmaster\debug\moc_myglwidget.obj
d:\stepncmaster\stepncmaster\debug\moc_featureidentify.obj
d:\stepncmaster\stepncmaster\debug\moc_feature.obj
d:\stepncmaster\stepncmaster\debug\featureidenyify.obj
d:\stepncmaster\stepncmaster\debug\feature.obj
d:\stepncmaster\stepncmaster\debug\qrc_stepncmaster.obj
d:\stepncmaster\stepncmaster\generatedfiles\debug\moc_stepncmaster.cpp
d:\stepncmaster\stepncmaster\generatedfiles\ui_stepncmaster.h
d:\stepncmaster\stepncmaster\generatedfiles\debug\moc_workstepplan.cpp
d:\stepncmaster\stepncmaster\generatedfiles\debug\moc_processplanning.cpp
d:\stepncmaster\stepncmaster\generatedfiles\debug\moc_treemodelmanager.cpp
d:\stepncmaster\stepncmaster\generatedfiles\debug\moc_myglwidget.cpp
d:\stepncmaster\stepncmaster\generatedfiles\debug\moc_steptostl.cpp
d:\stepncmaster\stepncmaster\generatedfiles\qrc_stepncmaster.cpp
d:\stepncmaster\stepncmaster\generatedfiles\ui_processplanning.h
d:\stepncmaster\stepncmaster\generatedfiles\ui_workstepplan.h
d:\stepncmaster\stepncmaster\generatedfiles\debug\moc_featureidentify.cpp
d:\stepncmaster\stepncmaster\generatedfiles\debug\moc_feature.cpp
d:\stepncmaster\bin\stepncmaster.ilk
d:\stepncmaster\bin\stepncmaster.exe
d:\stepncmaster\bin\stepncmaster.pdb
d:\stepncmaster\stepncmaster\debug\stepncmaster.res
d:\stepncmaster\stepncmaster\..\bin\stepncmaster.exe
d:\stepncmaster\stepncmaster\debug\stepncmaster.tlog\cl.command.1.tlog
d:\stepncmaster\stepncmaster\debug\stepncmaster.tlog\cl.read.1.tlog
d:\stepncmaster\stepncmaster\debug\stepncmaster.tlog\cl.write.1.tlog
d:\stepncmaster\stepncmaster\debug\stepncmaster.tlog\custombuild.command.1.tlog
d:\stepncmaster\stepncmaster\debug\stepncmaster.tlog\custombuild.read.1.tlog
d:\stepncmaster\stepncmaster\debug\stepncmaster.tlog\custombuild.write.1.tlog
d:\stepncmaster\stepncmaster\debug\stepncmaster.tlog\link.command.1.tlog
d:\stepncmaster\stepncmaster\debug\stepncmaster.tlog\link.read.1.tlog
d:\stepncmaster\stepncmaster\debug\stepncmaster.tlog\link.write.1.tlog
d:\stepncmaster\stepncmaster\debug\stepncmaster.tlog\rc.command.1.tlog
d:\stepncmaster\stepncmaster\debug\stepncmaster.tlog\rc.read.1.tlog
d:\stepncmaster\stepncmaster\debug\stepncmaster.tlog\rc.write.1.tlog
