c:\users\administrator\desktop\stepncmaster\stepncobj\generatedfiles\release\moc_two5d_manufacturing_feature.cpp
c:\users\administrator\desktop\stepncmaster\stepncobj\generatedfiles\release\moc_two5d_milling_operation.cpp
c:\users\administrator\desktop\stepncmaster\stepncobj\generatedfiles\release\moc_workingstep.cpp
c:\users\administrator\desktop\stepncmaster\stepncobj\generatedfiles\release\moc_executable.cpp
c:\users\administrator\desktop\stepncmaster\stepncobj\generatedfiles\release\moc_machining_workingstep.cpp
c:\users\administrator\desktop\stepncmaster\stepncobj\generatedfiles\release\moc_manufacturing_feature.cpp
c:\users\administrator\desktop\stepncmaster\stepncobj\generatedfiles\release\moc_machining_operation.cpp
c:\users\administrator\desktop\stepncmaster\stepncobj\generatedfiles\release\moc_technology.cpp
c:\users\administrator\desktop\stepncmaster\stepncobj\generatedfiles\release\moc_machine_functions.cpp
c:\users\administrator\desktop\stepncmaster\stepncobj\generatedfiles\release\moc_operation.cpp
c:\users\administrator\desktop\stepncmaster\stepncobj\generatedfiles\release\moc_milling_machining_operation.cpp
c:\users\administrator\desktop\stepncmaster\stepncobj\generatedfiles\release\moc_milling_type_operation.cpp
c:\users\administrator\desktop\stepncmaster\stepncobj\generatedfiles\release\moc_drilling_type_operation.cpp
c:\users\administrator\desktop\stepncmaster\stepncobj\generatedfiles\release\moc_machining_feature.cpp
c:\users\administrator\desktop\stepncmaster\stepncobj\generatedfiles\release\moc_planar_face.cpp
c:\users\administrator\desktop\stepncmaster\stepncobj\generatedfiles\release\moc_round_hole.cpp
c:\users\administrator\desktop\stepncmaster\stepncobj\generatedfiles\release\moc_closed_pockt_rect.cpp
c:\users\administrator\desktop\stepncmaster\stepncobj\generatedfiles\release\moc_slot_arcgroove.cpp
c:\users\administrator\desktop\stepncmaster\stepncobj\generatedfiles\release\moc_slot_cirgroove.cpp
c:\users\administrator\desktop\stepncmaster\stepncobj\generatedfiles\release\moc_center_drilling.cpp
c:\users\administrator\desktop\stepncmaster\stepncobj\generatedfiles\release\moc_rect_pocket_milling.cpp
c:\users\administrator\desktop\stepncmaster\stepncobj\generatedfiles\release\moc_arc_slot_milling.cpp
c:\users\administrator\desktop\stepncmaster\stepncobj\generatedfiles\release\moc_cir_slot_milling.cpp
c:\users\administrator\desktop\stepncmaster\stepncobj\generatedfiles\release\moc_block.cpp
c:\users\administrator\desktop\stepncmaster\stepncobj\generatedfiles\release\moc_coordinate_system.cpp
c:\users\administrator\desktop\stepncmaster\stepncobj\generatedfiles\release\moc_program_technology.cpp
c:\users\administrator\desktop\stepncmaster\stepncobj\generatedfiles\release\moc_machining_tool.cpp
c:\users\administrator\desktop\stepncmaster\stepncobj\generatedfiles\release\moc_workplan.cpp
c:\users\administrator\desktop\stepncmaster\stepncobj\generatedfiles\release\moc_workpiece.cpp
c:\users\administrator\desktop\stepncmaster\stepncobj\generatedfiles\release\moc_stepncobj.cpp
c:\users\administrator\desktop\stepncmaster\stepncobj\generatedfiles\release\moc_project.cpp
c:\users\administrator\desktop\stepncmaster\stepncobj\generatedfiles\release\moc_material.cpp
c:\users\administrator\desktop\stepncmaster\stepncobj\generatedfiles\release\moc_property_parameter.cpp
c:\users\administrator\desktop\stepncmaster\stepncobj\generatedfiles\release\moc_bounding_geomerty_select.cpp
c:\users\administrator\desktop\stepncmaster\stepncobj\..\bin\stepncobj.dll
c:\users\administrator\desktop\stepncmaster\stepncobj\release\stepncobj.tlog\custombuild.command.1.tlog
c:\users\administrator\desktop\stepncmaster\stepncobj\release\stepncobj.tlog\custombuild.read.1.tlog
c:\users\administrator\desktop\stepncmaster\stepncobj\release\stepncobj.tlog\custombuild.write.1.tlog
